# JRE version: OpenJDK Runtime Environment Temurin-21.0.10+7 (21.0.10+7) (build 21.0.10+7-LTS)
# Java VM: OpenJDK 64-Bit Server VM Temurin-21.0.10+7 (21.0.10+7-LTS, mixed mode, sharing, tiered, compressed oops, compressed class ptrs, parallel gc, windows-amd64)
GC Precious Log:
 CardTable entry size: 512
 CPUs: 12 total, 12 available
 Memory: 7381M
 Large Page Support: Disabled
 NUMA Support: Disabled
 Compressed Oops: Enabled (32-bit)
 Alignments: Space 512K, Generation 512K, Heap 2M
 Heap Min Capacity: 100M
 Heap Initial Capacity: 100M
 Heap Max Capacity: 2G
 Pre-touch: Disabled
 Parallel Workers: 10
Heap:
 PSYoungGen      total 4096K, used 568K [0x00000000d5580000, 0x00000000d5a80000, 0x0000000100000000)
  eden space 2048K, 18% used [0x00000000d5580000,0x00000000d55de2e0,0x00000000d5780000)
  from space 2048K, 9% used [0x00000000d5780000,0x00000000d57b0000,0x00000000d5980000)
  to   space 1024K, 0% used [0x00000000d5980000,0x00000000d5980000,0x00000000d5a80000)
 ParOldGen       total 639488K, used 639348K [0x0000000080000000, 0x00000000a7080000, 0x00000000d5580000)
  object space 639488K, 99% used [0x0000000080000000,0x00000000a705d318,0x00000000a7080000)
 Metaspace       used 88507K, committed 90304K, reserved 1179648K
  class space    used 8937K, committed 9728K, reserved 1048576K
GC Heap History (20 events):
Event: 1052.036 GC heap before
{Heap before GC invocations=3118 (full 5):
 PSYoungGen      total 4096K, used 3114K [0x00000000d5580000, 0x00000000d5a80000, 0x0000000100000000)
  eden space 2560K, 100% used [0x00000000d5580000,0x00000000d5800000,0x00000000d5800000)
  from space 1536K, 36% used [0x00000000d5800000,0x00000000d588a910,0x00000000d5980000)
  to   space 1024K, 0% used [0x00000000d5980000,0x00000000d5980000,0x00000000d5a80000)
 ParOldGen       total 630784K, used 630394K [0x0000000080000000, 0x00000000a6800000, 0x00000000d5580000)
  object space 630784K, 99% used [0x0000000080000000,0x00000000a679eb28,0x00000000a6800000)
 Metaspace       used 88458K, committed 90240K, reserved 1179648K
  class space    used 8932K, committed 9728K, reserved 1048576K
}
Event: 1052.037 GC heap after
{Heap after GC invocations=3118 (full 5):
 PSYoungGen      total 3072K, used 352K [0x00000000d5580000, 0x00000000d5a00000, 0x0000000100000000)
  eden space 2560K, 0% used [0x00000000d5580000,0x00000000d5580000,0x00000000d5800000)
  from space 512K, 68% used [0x00000000d5980000,0x00000000d59d8000,0x00000000d5a00000)
  to   space 512K, 0% used [0x00000000d5900000,0x00000000d5900000,0x00000000d5980000)
 ParOldGen       total 631296K, used 630839K [0x0000000080000000, 0x00000000a6880000, 0x00000000d5580000)
  object space 631296K, 99% used [0x0000000080000000,0x00000000a680dd38,0x00000000a6880000)
 Metaspace       used 88458K, committed 90240K, reserved 1179648K
  class space    used 8932K, committed 9728K, reserved 1048576K
}
Event: 1103.693 GC heap before
{Heap before GC invocations=3119 (full 5):
 PSYoungGen      total 3072K, used 2912K [0x00000000d5580000, 0x00000000d5a00000, 0x0000000100000000)
  eden space 2560K, 100% used [0x00000000d5580000,0x00000000d5800000,0x00000000d5800000)
  from space 512K, 68% used [0x00000000d5980000,0x00000000d59d8000,0x00000000d5a00000)
  to   space 512K, 0% used [0x00000000d5900000,0x00000000d5900000,0x00000000d5980000)
 ParOldGen       total 631296K, used 630839K [0x0000000080000000, 0x00000000a6880000, 0x00000000d5580000)
  object space 631296K, 99% used [0x0000000080000000,0x00000000a680dd38,0x00000000a6880000)
 Metaspace       used 88461K, committed 90240K, reserved 1179648K
  class space    used 8932K, committed 9728K, reserved 1048576K
}
Event: 1103.696 GC heap after
{Heap after GC invocations=3119 (full 5):
 PSYoungGen      total 3072K, used 448K [0x00000000d5580000, 0x00000000d5a00000, 0x0000000100000000)
  eden space 2560K, 0% used [0x00000000d5580000,0x00000000d5580000,0x00000000d5800000)
  from space 512K, 87% used [0x00000000d5900000,0x00000000d5970000,0x00000000d5980000)
  to   space 512K, 0% used [0x00000000d5980000,0x00000000d5980000,0x00000000d5a00000)
 ParOldGen       total 631296K, used 631027K [0x0000000080000000, 0x00000000a6880000, 0x00000000d5580000)
  object space 631296K, 99% used [0x0000000080000000,0x00000000a683cd48,0x00000000a6880000)
 Metaspace       used 88461K, committed 90240K, reserved 1179648K
  class space    used 8932K, committed 9728K, reserved 1048576K
}
Event: 1265.416 GC heap before
{Heap before GC invocations=3120 (full 5):
 PSYoungGen      total 3072K, used 3008K [0x00000000d5580000, 0x00000000d5a00000, 0x0000000100000000)
  eden space 2560K, 100% used [0x00000000d5580000,0x00000000d5800000,0x00000000d5800000)
  from space 512K, 87% used [0x00000000d5900000,0x00000000d5970000,0x00000000d5980000)
  to   space 512K, 0% used [0x00000000d5980000,0x00000000d5980000,0x00000000d5a00000)
 ParOldGen       total 631296K, used 631027K [0x0000000080000000, 0x00000000a6880000, 0x00000000d5580000)
  object space 631296K, 99% used [0x0000000080000000,0x00000000a683cd48,0x00000000a6880000)
 Metaspace       used 88472K, committed 90240K, reserved 1179648K
  class space    used 8932K, committed 9728K, reserved 1048576K
}
Event: 1265.489 GC heap after
{Heap after GC invocations=3120 (full 5):
 PSYoungGen      total 3072K, used 378K [0x00000000d5580000, 0x00000000d5a00000, 0x0000000100000000)
  eden space 2560K, 0% used [0x00000000d5580000,0x00000000d5580000,0x00000000d5800000)
  from space 512K, 73% used [0x00000000d5980000,0x00000000d59de920,0x00000000d5a00000)
  to   space 512K, 0% used [0x00000000d5900000,0x00000000d5900000,0x00000000d5980000)
 ParOldGen       total 631296K, used 631279K [0x0000000080000000, 0x00000000a6880000, 0x00000000d5580000)
  object space 631296K, 99% used [0x0000000080000000,0x00000000a687bfd8,0x00000000a6880000)
 Metaspace       used 88472K, committed 90240K, reserved 1179648K
  class space    used 8932K, committed 9728K, reserved 1048576K
}
Event: 1267.351 GC heap before
{Heap before GC invocations=3121 (full 5):
 PSYoungGen      total 3072K, used 2938K [0x00000000d5580000, 0x00000000d5a00000, 0x0000000100000000)
  eden space 2560K, 100% used [0x00000000d5580000,0x00000000d5800000,0x00000000d5800000)
  from space 512K, 73% used [0x00000000d5980000,0x00000000d59de920,0x00000000d5a00000)
  to   space 512K, 0% used [0x00000000d5900000,0x00000000d5900000,0x00000000d5980000)
 ParOldGen       total 631296K, used 631279K [0x0000000080000000, 0x00000000a6880000, 0x00000000d5580000)
  object space 631296K, 99% used [0x0000000080000000,0x00000000a687bfd8,0x00000000a6880000)
 Metaspace       used 88496K, committed 90240K, reserved 1179648K
  class space    used 8936K, committed 9728K, reserved 1048576K
}
Event: 1267.354 GC heap after
{Heap after GC invocations=3121 (full 5):
 PSYoungGen      total 3072K, used 250K [0x00000000d5580000, 0x00000000d5a00000, 0x0000000100000000)
  eden space 2560K, 0% used [0x00000000d5580000,0x00000000d5580000,0x00000000d5800000)
  from space 512K, 48% used [0x00000000d5900000,0x00000000d593e900,0x00000000d5980000)
  to   space 512K, 0% used [0x00000000d5980000,0x00000000d5980000,0x00000000d5a00000)
 ParOldGen       total 631808K, used 631375K [0x0000000080000000, 0x00000000a6900000, 0x00000000d5580000)
  object space 631808K, 99% used [0x0000000080000000,0x00000000a6893ff8,0x00000000a6900000)
 Metaspace       used 88496K, committed 90240K, reserved 1179648K
  class space    used 8936K, committed 9728K, reserved 1048576K
}
Event: 1267.448 GC heap before
{Heap before GC invocations=3122 (full 5):
 PSYoungGen      total 3072K, used 2810K [0x00000000d5580000, 0x00000000d5a00000, 0x0000000100000000)
  eden space 2560K, 100% used [0x00000000d5580000,0x00000000d5800000,0x00000000d5800000)
  from space 512K, 48% used [0x00000000d5900000,0x00000000d593e900,0x00000000d5980000)
  to   space 512K, 0% used [0x00000000d5980000,0x00000000d5980000,0x00000000d5a00000)
 ParOldGen       total 631808K, used 631375K [0x0000000080000000, 0x00000000a6900000, 0x00000000d5580000)
  object space 631808K, 99% used [0x0000000080000000,0x00000000a6893ff8,0x00000000a6900000)
 Metaspace       used 88498K, committed 90240K, reserved 1179648K
  class space    used 8936K, committed 9728K, reserved 1048576K
}
Event: 1267.452 GC heap after
{Heap after GC invocations=3122 (full 5):
 PSYoungGen      total 2560K, used 486K [0x00000000d5580000, 0x00000000d5c00000, 0x0000000100000000)
  eden space 2048K, 0% used [0x00000000d5580000,0x00000000d5580000,0x00000000d5780000)
  from space 512K, 94% used [0x00000000d5980000,0x00000000d59f9848,0x00000000d5a00000)
  to   space 2048K, 0% used [0x00000000d5780000,0x00000000d5780000,0x00000000d5980000)
 ParOldGen       total 632832K, used 632458K [0x0000000080000000, 0x00000000a6a00000, 0x00000000d5580000)
  object space 632832K, 99% used [0x0000000080000000,0x00000000a69a2a40,0x00000000a6a00000)
 Metaspace       used 88498K, committed 90240K, reserved 1179648K
  class space    used 8936K, committed 9728K, reserved 1048576K
}
Event: 1267.474 GC heap before
{Heap before GC invocations=3123 (full 5):
 PSYoungGen      total 2560K, used 2534K [0x00000000d5580000, 0x00000000d5c00000, 0x0000000100000000)
  eden space 2048K, 100% used [0x00000000d5580000,0x00000000d5780000,0x00000000d5780000)
  from space 512K, 94% used [0x00000000d5980000,0x00000000d59f9848,0x00000000d5a00000)
  to   space 2048K, 0% used [0x00000000d5780000,0x00000000d5780000,0x00000000d5980000)
 ParOldGen       total 632832K, used 632458K [0x0000000080000000, 0x00000000a6a00000, 0x00000000d5580000)
  object space 632832K, 99% used [0x0000000080000000,0x00000000a69a2a40,0x00000000a6a00000)
 Metaspace       used 88498K, committed 90240K, reserved 1179648K
  class space    used 8936K, committed 9728K, reserved 1048576K
}
Event: 1267.479 GC heap after
{Heap after GC invocations=3123 (full 5):
 PSYoungGen      total 4096K, used 1984K [0x00000000d5580000, 0x00000000d5c80000, 0x0000000100000000)
  eden space 2048K, 0% used [0x00000000d5580000,0x00000000d5580000,0x00000000d5780000)
  from space 2048K, 96% used [0x00000000d5780000,0x00000000d5970000,0x00000000d5980000)
  to   space 2560K, 0% used [0x00000000d5a00000,0x00000000d5a00000,0x00000000d5c80000)
 ParOldGen       total 633344K, used 632920K [0x0000000080000000, 0x00000000a6a80000, 0x00000000d5580000)
  object space 633344K, 99% used [0x0000000080000000,0x00000000a6a16288,0x00000000a6a80000)
 Metaspace       used 88498K, committed 90240K, reserved 1179648K
  class space    used 8936K, committed 9728K, reserved 1048576K
}
Event: 1267.510 GC heap before
{Heap before GC invocations=3124 (full 5):
 PSYoungGen      total 4096K, used 4031K [0x00000000d5580000, 0x00000000d5c80000, 0x0000000100000000)
  eden space 2048K, 99% used [0x00000000d5580000,0x00000000d577ffe8,0x00000000d5780000)
  from space 2048K, 96% used [0x00000000d5780000,0x00000000d5970000,0x00000000d5980000)
  to   space 2560K, 0% used [0x00000000d5a00000,0x00000000d5a00000,0x00000000d5c80000)
 ParOldGen       total 633344K, used 632920K [0x0000000080000000, 0x00000000a6a80000, 0x00000000d5580000)
  object space 633344K, 99% used [0x0000000080000000,0x00000000a6a16288,0x00000000a6a80000)
 Metaspace       used 88498K, committed 90240K, reserved 1179648K
  class space    used 8936K, committed 9728K, reserved 1048576K
}
Event: 1267.514 GC heap after
{Heap after GC invocations=3124 (full 5):
 PSYoungGen      total 4096K, used 1548K [0x00000000d5580000, 0x00000000d5c00000, 0x0000000100000000)
  eden space 2048K, 0% used [0x00000000d5580000,0x00000000d5580000,0x00000000d5780000)
  from space 2048K, 75% used [0x00000000d5a00000,0x00000000d5b83090,0x00000000d5c00000)
  to   space 2048K, 0% used [0x00000000d5780000,0x00000000d5780000,0x00000000d5980000)
 ParOldGen       total 634880K, used 634792K [0x0000000080000000, 0x00000000a6c00000, 0x00000000d5580000)
  object space 634880K, 99% used [0x0000000080000000,0x00000000a6bea288,0x00000000a6c00000)
 Metaspace       used 88498K, committed 90240K, reserved 1179648K
  class space    used 8936K, committed 9728K, reserved 1048576K
}
Event: 1267.522 GC heap before
{Heap before GC invocations=3125 (full 5):
 PSYoungGen      total 4096K, used 3596K [0x00000000d5580000, 0x00000000d5c00000, 0x0000000100000000)
  eden space 2048K, 100% used [0x00000000d5580000,0x00000000d5780000,0x00000000d5780000)
  from space 2048K, 75% used [0x00000000d5a00000,0x00000000d5b83090,0x00000000d5c00000)
  to   space 2048K, 0% used [0x00000000d5780000,0x00000000d5780000,0x00000000d5980000)
 ParOldGen       total 634880K, used 634792K [0x0000000080000000, 0x00000000a6c00000, 0x00000000d5580000)
  object space 634880K, 99% used [0x0000000080000000,0x00000000a6bea288,0x00000000a6c00000)
 Metaspace       used 88499K, committed 90240K, reserved 1179648K
  class space    used 8936K, committed 9728K, reserved 1048576K
}
Event: 1267.525 GC heap after
{Heap after GC invocations=3125 (full 5):
 PSYoungGen      total 4096K, used 1984K [0x00000000d5580000, 0x00000000d5c80000, 0x0000000100000000)
  eden space 2048K, 0% used [0x00000000d5580000,0x00000000d5580000,0x00000000d5780000)
  from space 2048K, 96% used [0x00000000d5780000,0x00000000d5970000,0x00000000d5980000)
  to   space 2560K, 0% used [0x00000000d5a00000,0x00000000d5a00000,0x00000000d5c80000)
 ParOldGen       total 636416K, used 636220K [0x0000000080000000, 0x00000000a6d80000, 0x00000000d5580000)
  object space 636416K, 99% used [0x0000000080000000,0x00000000a6d4f318,0x00000000a6d80000)
 Metaspace       used 88499K, committed 90240K, reserved 1179648K
  class space    used 8936K, committed 9728K, reserved 1048576K
}
Event: 1323.755 GC heap before
{Heap before GC invocations=3126 (full 5):
 PSYoungGen      total 4096K, used 4032K [0x00000000d5580000, 0x00000000d5c80000, 0x0000000100000000)
  eden space 2048K, 100% used [0x00000000d5580000,0x00000000d5780000,0x00000000d5780000)
  from space 2048K, 96% used [0x00000000d5780000,0x00000000d5970000,0x00000000d5980000)
  to   space 2560K, 0% used [0x00000000d5a00000,0x00000000d5a00000,0x00000000d5c80000)
 ParOldGen       total 636416K, used 636220K [0x0000000080000000, 0x00000000a6d80000, 0x00000000d5580000)
  object space 636416K, 99% used [0x0000000080000000,0x00000000a6d4f318,0x00000000a6d80000)
 Metaspace       used 88504K, committed 90304K, reserved 1179648K
  class space    used 8937K, committed 9728K, reserved 1048576K
}
Event: 1323.762 GC heap after
{Heap after GC invocations=3126 (full 5):
 PSYoungGen      total 3584K, used 1472K [0x00000000d5580000, 0x00000000d5b80000, 0x0000000100000000)
  eden space 2048K, 0% used [0x00000000d5580000,0x00000000d5580000,0x00000000d5780000)
  from space 1536K, 95% used [0x00000000d5a00000,0x00000000d5b70000,0x00000000d5b80000)
  to   space 2048K, 0% used [0x00000000d5780000,0x00000000d5780000,0x00000000d5980000)
 ParOldGen       total 638464K, used 638060K [0x0000000080000000, 0x00000000a6f80000, 0x00000000d5580000)
  object space 638464K, 99% used [0x0000000080000000,0x00000000a6f1b318,0x00000000a6f80000)
 Metaspace       used 88504K, committed 90304K, reserved 1179648K
  class space    used 8937K, committed 9728K, reserved 1048576K
}
Event: 1826.738 GC heap before
{Heap before GC invocations=3127 (full 5):
 PSYoungGen      total 3584K, used 3520K [0x00000000d5580000, 0x00000000d5b80000, 0x0000000100000000)
  eden space 2048K, 100% used [0x00000000d5580000,0x00000000d5780000,0x00000000d5780000)
  from space 1536K, 95% used [0x00000000d5a00000,0x00000000d5b70000,0x00000000d5b80000)
  to   space 2048K, 0% used [0x00000000d5780000,0x00000000d5780000,0x00000000d5980000)
 ParOldGen       total 638464K, used 638060K [0x0000000080000000, 0x00000000a6f80000, 0x00000000d5580000)
  object space 638464K, 99% used [0x0000000080000000,0x00000000a6f1b318,0x00000000a6f80000)
 Metaspace       used 88504K, committed 90304K, reserved 1179648K
  class space    used 8937K, committed 9728K, reserved 1048576K
}
Event: 1826.784 GC heap after
{Heap after GC invocations=3127 (full 5):
 PSYoungGen      total 4096K, used 192K [0x00000000d5580000, 0x00000000d5a80000, 0x0000000100000000)
  eden space 2048K, 0% used [0x00000000d5580000,0x00000000d5580000,0x00000000d5780000)
  from space 2048K, 9% used [0x00000000d5780000,0x00000000d57b0000,0x00000000d5980000)
  to   space 1024K, 0% used [0x00000000d5980000,0x00000000d5980000,0x00000000d5a80000)
 ParOldGen       total 639488K, used 639348K [0x0000000080000000, 0x00000000a7080000, 0x00000000d5580000)
  object space 639488K, 99% used [0x0000000080000000,0x00000000a705d318,0x00000000a7080000)
 Metaspace       used 88504K, committed 90304K, reserved 1179648K
  class space    used 8937K, committed 9728K, reserved 1048576K
}

